TN:
SF:C:/Users/vrasanen/Repositories/jaqal/src/utils.js
FN:1,isArray
FN:5,isObject
FN:9,isString
FN:13,isFunction
FN:14,isBoolean
FN:15,isNumber
FN:16,isNull
FN:21,parseArgs
FN:25,(anonymous_10)
FN:27,first
FN:29,mapObj
FN:31,(anonymous_13)
FN:37,isEmpty
FN:41,toBoolean
FNF:14
FNH:13
FNDA:44,isArray
FNDA:168,isObject
FNDA:15,isString
FNDA:79,isFunction
FNDA:12,isBoolean
FNDA:20,isNumber
FNDA:79,isNull
FNDA:8,parseArgs
FNDA:10,(anonymous_10)
FNDA:8,first
FNDA:11,mapObj
FNDA:15,(anonymous_13)
FNDA:0,isEmpty
FNDA:6,toBoolean
DA:2,44
DA:6,168
DA:10,15
DA:13,79
DA:14,12
DA:15,20
DA:16,79
DA:18,1
DA:19,1
DA:21,8
DA:25,10
DA:27,8
DA:29,1
DA:30,11
DA:31,11
DA:32,15
DA:34,11
DA:37,1
DA:38,0
DA:41,1
DA:42,6
DA:43,5
DA:44,3
LF:23
LH:22
BRDA:2,0,0,44
BRDA:2,0,1,41
BRDA:2,0,2,41
BRDA:2,1,0,0
BRDA:2,1,1,41
BRDA:6,2,0,168
BRDA:6,2,1,167
BRDA:6,2,2,121
BRDA:6,3,0,0
BRDA:6,3,1,167
BRDA:10,4,0,15
BRDA:10,4,1,12
BRDA:13,5,0,79
BRDA:13,5,1,79
BRDA:13,5,2,79
BRDA:13,5,3,60
BRDA:14,6,0,12
BRDA:14,6,1,9
BRDA:14,6,2,9
BRDA:15,7,0,20
BRDA:15,7,1,11
BRDA:16,8,0,79
BRDA:16,8,1,77
BRDA:42,9,0,1
BRDA:42,9,1,5
BRDA:42,10,0,6
BRDA:42,10,1,5
BRDA:43,11,0,2
BRDA:43,11,1,3
BRDA:43,12,0,5
BRDA:43,12,1,3
BRF:31
BRH:29
end_of_record
TN:
SF:C:/Users/vrasanen/Repositories/jaqal/src/filter/index.js
FN:16,_
FN:17,_
FN:18,_
FN:19,_
FN:20,_
FN:21,_
FN:22,_
FN:23,_
FN:24,_
FN:28,_
FN:28,(anonymous_10)
FN:29,_
FN:29,(anonymous_12)
FN:32,getFieldValue
FN:40,getCondition
FN:44,isIncluded
FN:49,filterObj
FN:51,(anonymous_17)
FN:52,(anonymous_18)
FN:62,applyQuery
FN:64,(anonymous_20)
FN:65,(anonymous_21)
FN:70,cast
FN:70,(anonymous_23)
FN:79,expression
FN:83,(anonymous_25)
FN:86,(anonymous_26)
FN:89,prepareExpressions
FN:90,(anonymous_28)
FN:100,prepareComparator
FN:104,(anonymous_30)
FN:110,(anonymous_31)
FN:113,prepareCondition
FN:114,(anonymous_33)
FN:115,(anonymous_34)
FN:117,(anonymous_35)
FN:123,_
FN:124,_
FN:125,_
FN:126,_
FN:129,prepareMask
FN:131,(anonymous_41)
FN:134,prepareQuery
FN:143,(anonymous_43)
FN:144,(anonymous_44)
FN:152,filter
FNF:46
FNH:34
FNDA:0,_
FNDA:0,_
FNDA:0,_
FNDA:0,_
FNDA:9,_
FNDA:0,_
FNDA:0,_
FNDA:0,_
FNDA:16,_
FNDA:0,_
FNDA:0,(anonymous_10)
FNDA:0,_
FNDA:0,(anonymous_12)
FNDA:79,getFieldValue
FNDA:107,getCondition
FNDA:69,isIncluded
FNDA:54,filterObj
FNDA:89,(anonymous_17)
FNDA:79,(anonymous_18)
FNDA:43,applyQuery
FNDA:39,(anonymous_20)
FNDA:30,(anonymous_21)
FNDA:15,cast
FNDA:15,(anonymous_23)
FNDA:8,expression
FNDA:10,(anonymous_25)
FNDA:5,(anonymous_26)
FNDA:8,prepareExpressions
FNDA:10,(anonymous_28)
FNDA:15,prepareComparator
FNDA:9,(anonymous_30)
FNDA:1,(anonymous_31)
FNDA:11,prepareCondition
FNDA:15,(anonymous_33)
FNDA:25,(anonymous_34)
FNDA:25,(anonymous_35)
FNDA:52,_
FNDA:4,_
FNDA:2,_
FNDA:2,_
FNDA:46,prepareMask
FNDA:0,(anonymous_41)
FNDA:38,prepareQuery
FNDA:71,(anonymous_43)
FNDA:60,(anonymous_44)
FNDA:24,filter
DA:1,1
DA:15,1
DA:16,0
DA:17,0
DA:18,0
DA:19,0
DA:20,9
DA:21,0
DA:22,0
DA:23,0
DA:24,16
DA:27,1
DA:28,0
DA:29,0
DA:32,1
DA:33,79
DA:34,60
DA:36,19
DA:40,1
DA:41,107
DA:44,1
DA:45,69
DA:46,69
DA:49,1
DA:50,54
DA:51,89
DA:52,54
DA:53,79
DA:54,79
DA:55,79
DA:56,79
DA:59,54
DA:62,1
DA:63,43
DA:64,39
DA:65,30
DA:67,30
DA:70,15
DA:71,15
DA:72,13
DA:73,13
DA:74,6
DA:75,6
DA:76,3
DA:79,1
DA:80,8
DA:81,8
DA:82,2
DA:83,10
DA:85,6
DA:86,6
DA:89,1
DA:90,10
DA:91,8
DA:92,0
DA:93,0
DA:94,0
DA:95,0
DA:97,8
DA:100,1
DA:101,15
DA:102,8
DA:103,7
DA:104,9
DA:105,1
DA:107,1
DA:108,0
DA:110,1
DA:113,1
DA:114,15
DA:115,25
DA:118,25
DA:122,1
DA:123,52
DA:124,4
DA:125,2
DA:126,2
DA:129,1
DA:130,46
DA:131,0
DA:134,1
DA:135,38
DA:136,38
DA:138,38
DA:139,11
DA:142,38
DA:143,71
DA:145,60
DA:146,60
DA:149,38
DA:152,24
LF:91
LH:76
BRDA:24,0,0,16
BRDA:24,0,1,11
BRDA:28,1,0,0
BRDA:28,1,1,0
BRDA:29,2,0,0
BRDA:29,2,1,0
BRDA:33,3,0,60
BRDA:33,3,1,19
BRDA:41,4,0,107
BRDA:41,4,1,0
BRDA:46,5,0,25
BRDA:46,5,1,44
BRDA:56,6,0,76
BRDA:56,6,1,3
BRDA:63,7,0,13
BRDA:63,7,1,30
BRDA:67,8,0,24
BRDA:67,8,1,6
BRDA:71,9,0,2
BRDA:71,9,1,13
BRDA:73,10,0,7
BRDA:73,10,1,6
BRDA:75,11,0,3
BRDA:75,11,1,3
BRDA:81,12,0,2
BRDA:81,12,1,6
BRDA:91,13,0,0
BRDA:91,13,1,8
BRDA:101,14,0,8
BRDA:101,14,1,7
BRDA:103,15,0,6
BRDA:103,15,1,1
BRDA:103,16,0,7
BRDA:103,16,1,6
BRDA:105,17,0,0
BRDA:105,17,1,1
BRDA:107,18,0,0
BRDA:107,18,1,1
BRDA:116,19,0,25
BRDA:116,19,1,23
BRDA:130,20,0,46
BRDA:130,20,1,0
BRDA:138,21,0,11
BRDA:138,21,1,27
BRDA:146,22,0,14
BRDA:146,22,1,46
BRF:46
BRH:37
end_of_record
